current training Random Forest, num_time: 0
(46, 52, 2502, 2)
(46, 52, 2502)
(46, 52, 2502, 2)
(46, 52, 2502)
(46, 52, 2502, 2)
(46, 52, 5004)
current training Random Forest, num_time: 1
(46, 52, 2502, 2)
(46, 52, 2502)
(46, 52, 2502, 2)
(46, 52, 2502)
(46, 52, 2502, 2)
(46, 52, 5004)
current training Random Forest, num_time: 2
(46, 52, 2502, 2)
(46, 52, 2502)
(46, 52, 2502, 2)
(46, 52, 2502)
(46, 52, 2502, 2)
(46, 52, 5004)
current training Random Forest, num_time: 3
(46, 52, 2502, 2)
(46, 52, 2502)
(46, 52, 2502, 2)
(46, 52, 2502)
(46, 52, 2502, 2)
(46, 52, 5004)
current training Random Forest, num_time: 4
(46, 52, 2502, 2)
(46, 52, 2502)
(46, 52, 2502, 2)
(46, 52, 2502)
(46, 52, 2502, 2)
(46, 52, 5004)
current training Random Forest, num_time: 5
(46, 52, 2502, 2)
(46, 52, 2502)
(46, 52, 2502, 2)
(46, 52, 2502)
(46, 52, 2502, 2)
(46, 52, 5004)
current training Random Forest, num_time: 6
(46, 52, 2502, 2)
(46, 52, 2502)
(46, 52, 2502, 2)
(46, 52, 2502)
(46, 52, 2502, 2)
(46, 52, 5004)
current training Random Forest, num_time: 7
(46, 52, 2502, 2)
(46, 52, 2502)
(46, 52, 2502, 2)
(46, 52, 2502)
(46, 52, 2502, 2)
(46, 52, 5004)
current training Random Forest, num_time: 8
(46, 52, 2502, 2)
(46, 52, 2502)
(46, 52, 2502, 2)
(46, 52, 2502)
(46, 52, 2502, 2)
(46, 52, 5004)
current training Random Forest, num_time: 9
(46, 52, 2502, 2)
(46, 52, 2502)
(46, 52, 2502, 2)
(46, 52, 2502)
(46, 52, 2502, 2)
(46, 52, 5004)
current training SVM, num_time: 0
(46, 52, 2502, 2)
(46, 52, 2502)
(46, 52, 2502, 2)
(46, 52, 2502)
(46, 52, 2502, 2)
(46, 52, 5004)
current training SVM, num_time: 1
(46, 52, 2502, 2)
(46, 52, 2502)
(46, 52, 2502, 2)
(46, 52, 2502)
(46, 52, 2502, 2)
(46, 52, 5004)
current training SVM, num_time: 2
(46, 52, 2502, 2)
(46, 52, 2502)
(46, 52, 2502, 2)
(46, 52, 2502)
(46, 52, 2502, 2)
(46, 52, 5004)
current training SVM, num_time: 3
(46, 52, 2502, 2)
(46, 52, 2502)
(46, 52, 2502, 2)
(46, 52, 2502)
(46, 52, 2502, 2)
(46, 52, 5004)
current training SVM, num_time: 4
(46, 52, 2502, 2)
(46, 52, 2502)
(46, 52, 2502, 2)
(46, 52, 2502)
(46, 52, 2502, 2)
(46, 52, 5004)
current training SVM, num_time: 5
(46, 52, 2502, 2)
(46, 52, 2502)
(46, 52, 2502, 2)
(46, 52, 2502)
(46, 52, 2502, 2)
(46, 52, 5004)
current training SVM, num_time: 6
(46, 52, 2502, 2)
(46, 52, 2502)
(46, 52, 2502, 2)
(46, 52, 2502)
(46, 52, 2502, 2)
(46, 52, 5004)
current training SVM, num_time: 7
(46, 52, 2502, 2)
(46, 52, 2502)
(46, 52, 2502, 2)
(46, 52, 2502)
(46, 52, 2502, 2)
(46, 52, 5004)
current training SVM, num_time: 8
(46, 52, 2502, 2)
(46, 52, 2502)
(46, 52, 2502, 2)
(46, 52, 2502)
(46, 52, 2502, 2)
(46, 52, 5004)
current training SVM, num_time: 9
(46, 52, 2502, 2)
(46, 52, 2502)
(46, 52, 2502, 2)
(46, 52, 2502)
(46, 52, 2502, 2)
(46, 52, 5004)
current training KNN, num_time: 0
(46, 52, 2502, 2)
(46, 52, 2502)
(46, 52, 2502, 2)
(46, 52, 2502)
(46, 52, 2502, 2)
(46, 52, 5004)
current training KNN, num_time: 1
(46, 52, 2502, 2)
(46, 52, 2502)
(46, 52, 2502, 2)
(46, 52, 2502)
(46, 52, 2502, 2)
(46, 52, 5004)
current training KNN, num_time: 2
(46, 52, 2502, 2)
(46, 52, 2502)
(46, 52, 2502, 2)
(46, 52, 2502)
(46, 52, 2502, 2)
(46, 52, 5004)
current training KNN, num_time: 3
(46, 52, 2502, 2)
(46, 52, 2502)
(46, 52, 2502, 2)
(46, 52, 2502)
(46, 52, 2502, 2)
(46, 52, 5004)
current training KNN, num_time: 4
(46, 52, 2502, 2)
(46, 52, 2502)
(46, 52, 2502, 2)
(46, 52, 2502)
(46, 52, 2502, 2)
(46, 52, 5004)
current training KNN, num_time: 5
(46, 52, 2502, 2)
(46, 52, 2502)
(46, 52, 2502, 2)
(46, 52, 2502)
(46, 52, 2502, 2)
(46, 52, 5004)
current training KNN, num_time: 6
(46, 52, 2502, 2)
(46, 52, 2502)
(46, 52, 2502, 2)
(46, 52, 2502)
(46, 52, 2502, 2)
(46, 52, 5004)
current training KNN, num_time: 7
(46, 52, 2502, 2)
(46, 52, 2502)
(46, 52, 2502, 2)
(46, 52, 2502)
(46, 52, 2502, 2)
(46, 52, 5004)
current training KNN, num_time: 8
(46, 52, 2502, 2)
(46, 52, 2502)
(46, 52, 2502, 2)
(46, 52, 2502)
(46, 52, 2502, 2)
(46, 52, 5004)
current training KNN, num_time: 9
(46, 52, 2502, 2)
(46, 52, 2502)
(46, 52, 2502, 2)
(46, 52, 2502)
(46, 52, 2502, 2)
(46, 52, 5004)
current training Decision Tree, num_time: 0
(46, 52, 2502, 2)
(46, 52, 2502)
(46, 52, 2502, 2)
(46, 52, 2502)
(46, 52, 2502, 2)
(46, 52, 5004)
current training Decision Tree, num_time: 1
(46, 52, 2502, 2)
(46, 52, 2502)
(46, 52, 2502, 2)
(46, 52, 2502)
(46, 52, 2502, 2)
(46, 52, 5004)
current training Decision Tree, num_time: 2
(46, 52, 2502, 2)
(46, 52, 2502)
(46, 52, 2502, 2)
(46, 52, 2502)
(46, 52, 2502, 2)
(46, 52, 5004)
current training Decision Tree, num_time: 3
(46, 52, 2502, 2)
(46, 52, 2502)
(46, 52, 2502, 2)
(46, 52, 2502)
(46, 52, 2502, 2)
(46, 52, 5004)
current training Decision Tree, num_time: 4
(46, 52, 2502, 2)
(46, 52, 2502)
(46, 52, 2502, 2)
(46, 52, 2502)
(46, 52, 2502, 2)
(46, 52, 5004)
current training Decision Tree, num_time: 5
(46, 52, 2502, 2)
(46, 52, 2502)
(46, 52, 2502, 2)
(46, 52, 2502)
(46, 52, 2502, 2)
(46, 52, 5004)
current training Decision Tree, num_time: 6
(46, 52, 2502, 2)
(46, 52, 2502)
(46, 52, 2502, 2)
(46, 52, 2502)
(46, 52, 2502, 2)
(46, 52, 5004)
current training Decision Tree, num_time: 7
(46, 52, 2502, 2)
(46, 52, 2502)
(46, 52, 2502, 2)
(46, 52, 2502)
(46, 52, 2502, 2)
(46, 52, 5004)
current training Decision Tree, num_time: 8
(46, 52, 2502, 2)
(46, 52, 2502)
(46, 52, 2502, 2)
(46, 52, 2502)
(46, 52, 2502, 2)
(46, 52, 5004)
current training Decision Tree, num_time: 9
(46, 52, 2502, 2)
(46, 52, 2502)
(46, 52, 2502, 2)
(46, 52, 2502)
(46, 52, 2502, 2)
(46, 52, 5004)
Traceback (most recent call last):
  File "/home/jy/Documents/fnirs/treatment_response/fnirs-depression-deeplearning/scripts/ML/concatenate_pre_post_train_5_models.py", line 18, in <module>
    os.makedirs(output_fold)
  File "/home/jy/miniconda3/lib/python3.10/os.py", line 215, in makedirs
    makedirs(head, exist_ok=exist_ok)
  File "/home/jy/miniconda3/lib/python3.10/os.py", line 215, in makedirs
    makedirs(head, exist_ok=exist_ok)
  File "/home/jy/miniconda3/lib/python3.10/os.py", line 215, in makedirs
    makedirs(head, exist_ok=exist_ok)
  [Previous line repeated 7 more times]
  File "/home/jy/miniconda3/lib/python3.10/os.py", line 225, in makedirs
    mkdir(name, mode)
PermissionError: [Errno 13] Permission denied: '/Users'
